<?xml version="1.0" encoding="UTF-8"?>
<testng-results ignored="0" total="3" passed="3" failed="0" skipped="0">
  <reporter-output>
  </reporter-output>
  <suite started-at="2023-12-25T16:55:27 IST" name="Surefire suite" finished-at="2023-12-25T16:56:53 IST" duration-ms="85347">
    <groups>
      <group name="cucumber">
        <method signature="AbstractTestNGCucumberTests.runScenario(io.cucumber.testng.PickleWrapper,io.cucumber.testng.FeatureWrapper)[pri:0, instance:Runners.TestRunner@366647c2]" name="runScenario" class="io.cucumber.testng.AbstractTestNGCucumberTests"/>
      </group> <!-- cucumber -->
    </groups>
    <test started-at="2023-12-25T16:55:27 IST" name="Surefire test" finished-at="2023-12-25T16:56:53 IST" duration-ms="85347">
      <class name="Runners.TestRunner">
        <test-method is-config="true" signature="setUpClass(org.testng.ITestContext)[pri:0, instance:Runners.TestRunner@366647c2]" started-at="2023-12-25T16:55:27 IST" name="setUpClass" finished-at="2023-12-25T16:55:28 IST" duration-ms="1159" status="PASS">
          <params>
            <param index="0">
              <value>
                <![CDATA[org.testng.TestRunner@c755b2]]>
              </value>
            </param>
          </params>
          <reporter-output>
          </reporter-output>
        </test-method> <!-- setUpClass -->
        <test-method signature="runScenario(io.cucumber.testng.PickleWrapper,io.cucumber.testng.FeatureWrapper)[pri:0, instance:Runners.TestRunner@366647c2]" started-at="2023-12-25T16:55:28 IST" name="runScenario" description="Runs Cucumber Scenarios" data-provider="scenarios" finished-at="2023-12-25T16:55:53 IST" duration-ms="24545" status="PASS">
          <params>
            <param index="0">
              <value>
                <![CDATA["Verify Java Compiler Execute Function"]]>
              </value>
            </param>
            <param index="1">
              <value>
                <![CDATA["JDoodle"]]>
              </value>
            </param>
          </params>
          <reporter-output>
          </reporter-output>
        </test-method> <!-- runScenario -->
        <test-method signature="runScenario(io.cucumber.testng.PickleWrapper,io.cucumber.testng.FeatureWrapper)[pri:0, instance:Runners.TestRunner@366647c2]" started-at="2023-12-25T16:55:53 IST" name="runScenario" description="Runs Cucumber Scenarios" data-provider="scenarios" finished-at="2023-12-25T16:56:30 IST" duration-ms="36702" status="PASS">
          <params>
            <param index="0">
              <value>
                <![CDATA["Verify Font Size Change"]]>
              </value>
            </param>
            <param index="1">
              <value>
                <![CDATA["JDoodle"]]>
              </value>
            </param>
          </params>
          <reporter-output>
          </reporter-output>
        </test-method> <!-- runScenario -->
        <test-method signature="runScenario(io.cucumber.testng.PickleWrapper,io.cucumber.testng.FeatureWrapper)[pri:0, instance:Runners.TestRunner@366647c2]" started-at="2023-12-25T16:56:30 IST" name="runScenario" description="Runs Cucumber Scenarios" data-provider="scenarios" finished-at="2023-12-25T16:56:52 IST" duration-ms="22790" status="PASS">
          <params>
            <param index="0">
              <value>
                <![CDATA["Verify Language Search"]]>
              </value>
            </param>
            <param index="1">
              <value>
                <![CDATA["JDoodle"]]>
              </value>
            </param>
          </params>
          <reporter-output>
          </reporter-output>
        </test-method> <!-- runScenario -->
        <test-method is-config="true" signature="tearDownClass()[pri:0, instance:Runners.TestRunner@366647c2]" started-at="2023-12-25T16:56:52 IST" name="tearDownClass" finished-at="2023-12-25T16:56:53 IST" duration-ms="59" status="PASS">
          <reporter-output>
          </reporter-output>
        </test-method> <!-- tearDownClass -->
      </class> <!-- Runners.TestRunner -->
    </test> <!-- Surefire test -->
  </suite> <!-- Surefire suite -->
</testng-results>
