<?xml version="1.0" encoding="UTF-8"?>
<testng-results ignored="0" total="5" passed="5" failed="0" skipped="0">
  <reporter-output>
  </reporter-output>
  <suite started-at="2023-12-25T18:27:45 IST" name="Testing" finished-at="2023-12-25T18:29:42 IST" duration-ms="117123">
    <groups>
      <group name="cucumber">
        <method signature="AbstractTestNGCucumberTests.runScenario(io.cucumber.testng.PickleWrapper,io.cucumber.testng.FeatureWrapper)[pri:0, instance:Runners.TestRunner@69e153c5]" name="runScenario" class="io.cucumber.testng.AbstractTestNGCucumberTests"/>
      </group> <!-- cucumber -->
    </groups>
    <test started-at="2023-12-25T18:27:45 IST" name="Testing" finished-at="2023-12-25T18:29:42 IST" duration-ms="117123">
      <class name="Runners.TestRunner">
        <test-method is-config="true" signature="setUpClass(org.testng.ITestContext)[pri:0, instance:Runners.TestRunner@69e153c5]" started-at="2023-12-25T18:27:45 IST" name="setUpClass" finished-at="2023-12-25T18:27:46 IST" duration-ms="684" status="PASS">
          <params>
            <param index="0">
              <value>
                <![CDATA[org.testng.TestRunner@64920dc2]]>
              </value>
            </param>
          </params>
          <reporter-output>
          </reporter-output>
        </test-method> <!-- setUpClass -->
        <test-method signature="runScenario(io.cucumber.testng.PickleWrapper,io.cucumber.testng.FeatureWrapper)[pri:0, instance:Runners.TestRunner@69e153c5]" started-at="2023-12-25T18:27:46 IST" name="runScenario" description="Runs Cucumber Scenarios" data-provider="scenarios" finished-at="2023-12-25T18:28:09 IST" duration-ms="23712" status="PASS">
          <params>
            <param index="0">
              <value>
                <![CDATA["Verify Java Compiler Execute Function"]]>
              </value>
            </param>
            <param index="1">
              <value>
                <![CDATA["JDoodle"]]>
              </value>
            </param>
          </params>
          <reporter-output>
          </reporter-output>
        </test-method> <!-- runScenario -->
        <test-method signature="runScenario(io.cucumber.testng.PickleWrapper,io.cucumber.testng.FeatureWrapper)[pri:0, instance:Runners.TestRunner@69e153c5]" started-at="2023-12-25T18:28:09 IST" name="runScenario" description="Runs Cucumber Scenarios" data-provider="scenarios" finished-at="2023-12-25T18:28:39 IST" duration-ms="29484" status="PASS">
          <params>
            <param index="0">
              <value>
                <![CDATA["Verify Font Size Change"]]>
              </value>
            </param>
            <param index="1">
              <value>
                <![CDATA["JDoodle"]]>
              </value>
            </param>
          </params>
          <reporter-output>
          </reporter-output>
        </test-method> <!-- runScenario -->
        <test-method signature="runScenario(io.cucumber.testng.PickleWrapper,io.cucumber.testng.FeatureWrapper)[pri:0, instance:Runners.TestRunner@69e153c5]" started-at="2023-12-25T18:28:39 IST" name="runScenario" description="Runs Cucumber Scenarios" data-provider="scenarios" finished-at="2023-12-25T18:28:58 IST" duration-ms="19193" status="PASS">
          <params>
            <param index="0">
              <value>
                <![CDATA["Verify Presence of Light/Dark Mode Toggle"]]>
              </value>
            </param>
            <param index="1">
              <value>
                <![CDATA["JDoodle"]]>
              </value>
            </param>
          </params>
          <reporter-output>
          </reporter-output>
        </test-method> <!-- runScenario -->
        <test-method signature="runScenario(io.cucumber.testng.PickleWrapper,io.cucumber.testng.FeatureWrapper)[pri:0, instance:Runners.TestRunner@69e153c5]" started-at="2023-12-25T18:28:58 IST" name="runScenario" description="Runs Cucumber Scenarios" data-provider="scenarios" finished-at="2023-12-25T18:29:20 IST" duration-ms="22380" status="PASS">
          <params>
            <param index="0">
              <value>
                <![CDATA["Verify Navigation Options"]]>
              </value>
            </param>
            <param index="1">
              <value>
                <![CDATA["JDoodle"]]>
              </value>
            </param>
          </params>
          <reporter-output>
          </reporter-output>
        </test-method> <!-- runScenario -->
        <test-method signature="runScenario(io.cucumber.testng.PickleWrapper,io.cucumber.testng.FeatureWrapper)[pri:0, instance:Runners.TestRunner@69e153c5]" started-at="2023-12-25T18:29:20 IST" name="runScenario" description="Runs Cucumber Scenarios" data-provider="scenarios" finished-at="2023-12-25T18:29:42 IST" duration-ms="21538" status="PASS">
          <params>
            <param index="0">
              <value>
                <![CDATA["Verify Navigation Options"]]>
              </value>
            </param>
            <param index="1">
              <value>
                <![CDATA["JDoodle"]]>
              </value>
            </param>
          </params>
          <reporter-output>
          </reporter-output>
        </test-method> <!-- runScenario -->
        <test-method is-config="true" signature="tearDownClass()[pri:0, instance:Runners.TestRunner@69e153c5]" started-at="2023-12-25T18:29:42 IST" name="tearDownClass" finished-at="2023-12-25T18:29:42 IST" duration-ms="70" status="PASS">
          <reporter-output>
          </reporter-output>
        </test-method> <!-- tearDownClass -->
      </class> <!-- Runners.TestRunner -->
    </test> <!-- Testing -->
  </suite> <!-- Testing -->
</testng-results>
